<?xml version="1.0" encoding="UTF-8"?>
<!-- Generated by org.testng.reporters.JUnitXMLReporter -->
<testsuite hostname="DESKTOP-QINGDDR" name="validating user Title in the page" tests="1" failures="1" timestamp="13 Jan 2019 17:20:39 GMT" time="62.85" errors="0">
  <testcase name="basePageNavigation" time="0.594" classname="Academy.validateTitle">
    <failure type="java.lang.AssertionError" message="expected [FEATURED COURSES123] but found [FEATURED COURSES]">
      <![CDATA[java.lang.AssertionError: expected [FEATURED COURSES123] but found [FEATURED COURSES]
	at Academy.validateTitle.basePageNavigation(validateTitle.java:28)
... Removed 29 stack frames]]>
    </failure>
  </testcase> <!-- basePageNavigation -->
</testsuite> <!-- validating user Title in the page -->
