<?xml version="1.0" encoding="UTF-8"?>
<!-- Generated by org.testng.reporters.JUnitXMLReporter -->
<testsuite hostname="DESKTOP-QINGDDR" name="Test" tests="4" failures="0" timestamp="12 Jan 2019 10:57:47 GMT" time="119.483" errors="0">
  <testcase name="basePageNavigation" time="2.535" classname="Academy.validateTitle"/>
  <testcase name="basePageNavigation" time="0.103" classname="Academy.validateNavigationBar"/>
  <testcase name="basePageNavigation" time="38.593" classname="Academy.homePage"/>
  <testcase name="basePageNavigation" time="20.819" classname="Academy.homePage"/>
</testsuite> <!-- Test -->
