<?xml version="1.0" encoding="UTF-8"?>
<testng-results skipped="0" failed="0" total="4" passed="4">
  <reporter-output>
  </reporter-output>
  <suite name="Suite" duration-ms="119483" started-at="2019-01-12T10:55:47Z" finished-at="2019-01-12T10:57:46Z">
    <groups>
    </groups>
    <test name="Test" duration-ms="119483" started-at="2019-01-12T10:55:47Z" finished-at="2019-01-12T10:57:46Z">
      <class name="Academy.validateTitle">
        <test-method status="PASS" signature="basePageNavigation()[pri:0, instance:Academy.validateTitle@479d31f3]" name="basePageNavigation" duration-ms="2535" started-at="2019-01-12T16:26:41Z" finished-at="2019-01-12T16:26:44Z">
          <reporter-output>
          </reporter-output>
        </test-method> <!-- basePageNavigation -->
      </class> <!-- Academy.validateTitle -->
      <class name="Academy.validateNavigationBar">
        <test-method status="PASS" signature="basePageNavigation()[pri:0, instance:Academy.validateNavigationBar@333291e3]" name="basePageNavigation" duration-ms="103" started-at="2019-01-12T16:26:44Z" finished-at="2019-01-12T16:26:44Z">
          <reporter-output>
          </reporter-output>
        </test-method> <!-- basePageNavigation -->
      </class> <!-- Academy.validateNavigationBar -->
      <class name="Academy.homePage">
        <test-method status="PASS" signature="initilize()[pri:0, instance:Academy.homePage@3835c46]" name="initilize" is-config="true" duration-ms="7479" started-at="2019-01-12T16:25:47Z" finished-at="2019-01-12T16:25:54Z">
          <reporter-output>
          </reporter-output>
        </test-method> <!-- initilize -->
        <test-method status="PASS" signature="initilize()[pri:0, instance:Academy.validateNavigationBar@333291e3]" name="initilize" is-config="true" duration-ms="29737" started-at="2019-01-12T16:25:54Z" finished-at="2019-01-12T16:26:24Z">
          <reporter-output>
          </reporter-output>
        </test-method> <!-- initilize -->
        <test-method status="PASS" signature="initilize()[pri:0, instance:Academy.validateTitle@479d31f3]" name="initilize" is-config="true" duration-ms="17006" started-at="2019-01-12T16:26:24Z" finished-at="2019-01-12T16:26:41Z">
          <reporter-output>
          </reporter-output>
        </test-method> <!-- initilize -->
        <test-method status="PASS" signature="basePageNavigation(java.lang.String, java.lang.String)[pri:0, instance:Academy.homePage@3835c46]" name="basePageNavigation" duration-ms="38593" started-at="2019-01-12T16:26:44Z" data-provider="getdata" finished-at="2019-01-12T16:27:22Z">
          <params>
            <param index="0">
              <value>
                <![CDATA[sam@gmail.com]]>
              </value>
            </param>
            <param index="1">
              <value>
                <![CDATA[123456]]>
              </value>
            </param>
          </params>
          <reporter-output>
          </reporter-output>
        </test-method> <!-- basePageNavigation -->
        <test-method status="PASS" signature="basePageNavigation(java.lang.String, java.lang.String)[pri:0, instance:Academy.homePage@3835c46]" name="basePageNavigation" duration-ms="20819" started-at="2019-01-12T16:27:22Z" data-provider="getdata" finished-at="2019-01-12T16:27:43Z">
          <params>
            <param index="0">
              <value>
                <![CDATA[Rahul@gmail.com]]>
              </value>
            </param>
            <param index="1">
              <value>
                <![CDATA[56789]]>
              </value>
            </param>
          </params>
          <reporter-output>
          </reporter-output>
        </test-method> <!-- basePageNavigation -->
        <test-method status="PASS" signature="teardown()[pri:0, instance:Academy.homePage@3835c46]" name="teardown" is-config="true" duration-ms="977" started-at="2019-01-12T16:27:43Z" finished-at="2019-01-12T16:27:44Z">
          <reporter-output>
          </reporter-output>
        </test-method> <!-- teardown -->
        <test-method status="PASS" signature="teardown()[pri:0, instance:Academy.validateNavigationBar@333291e3]" name="teardown" is-config="true" duration-ms="985" started-at="2019-01-12T16:27:44Z" finished-at="2019-01-12T16:27:45Z">
          <reporter-output>
          </reporter-output>
        </test-method> <!-- teardown -->
        <test-method status="PASS" signature="teardown()[pri:0, instance:Academy.validateTitle@479d31f3]" name="teardown" is-config="true" duration-ms="1173" started-at="2019-01-12T16:27:45Z" finished-at="2019-01-12T16:27:46Z">
          <reporter-output>
          </reporter-output>
        </test-method> <!-- teardown -->
      </class> <!-- Academy.homePage -->
    </test> <!-- Test -->
  </suite> <!-- Suite -->
</testng-results>
